<?xml version="1.0" encoding="UTF-8"?>
<!-- Generated by org.testng.reporters.JUnitXMLReporter -->
<testsuite ignored="0" hostname="LTIN618030" failures="1" tests="1" name="EdgeTest" time="42.498" errors="0" timestamp="2025-06-17T17:58:14 IST">
  <testcase classname="HamleysAutomationScripts.HamleysTestNG" name="testHamleysProductCount" time="15.284">
    <failure type="org.openqa.selenium.ElementNotInteractableException" message="element not interactable
  (Session info: MicrosoftEdge=137.0.3296.62)
Build info: version: &amp;apos;4.33.0&amp;apos;, revision: &amp;apos;2c6aaad03a&amp;apos;
System info: os.name: &amp;apos;Windows 11&amp;apos;, os.arch: &amp;apos;amd64&amp;apos;, os.version: &amp;apos;10.0&amp;apos;, java.version: &amp;apos;21.0.6&amp;apos;
Driver info: org.openqa.selenium.edge.EdgeDriver
Command: [ff06c00d65d1b9399de88fc6b531bf6c, clickElement {id=f.F31687BFA473D52299B2C1174042532D.d.89F0065A509E30CEB7F5B8CE4C291167.e.115}]
Capabilities {acceptInsecureCerts: false, browserName: MicrosoftEdge, browserVersion: 137.0.3296.62, fedcm:accounts: true, ms:edgeOptions: {debuggerAddress: localhost:60224}, msedge: {msedgedriverVersion: 137.0.3296.83 (24e00e9cccf2..., userDataDir: C:\Users\2408723\AppData\Lo...}, networkConnectionEnabled: false, pageLoadStrategy: normal, platformName: windows, proxy: Proxy(), se:cdp: ws://localhost:60224/devtoo..., se:cdpVersion: 137.0.3296.62, setWindowRect: true, strictFileInteractability: false, timeouts: {implicit: 0, pageLoad: 300000, script: 30000}, unhandledPromptBehavior: dismiss and notify, webauthn:extension:credBlob: true, webauthn:extension:largeBlob: true, webauthn:extension:minPinLength: true, webauthn:extension:prf: true, webauthn:virtualAuthenticators: true}
Element: [[[[EdgeDriver: MicrosoftEdge on windows (ff06c00d65d1b9399de88fc6b531bf6c)] -&amp;gt; xpath: //h2[contains(text(),&amp;apos;Shop By Age&amp;apos;)]/following-sibling::div]] -&amp;gt; xpath: *[@class=&amp;apos;by-age-crousal&amp;apos;]/div/div/div[7]/div/a/img]
Session ID: ff06c00d65d1b9399de88fc6b531bf6c">
      <![CDATA[org.openqa.selenium.ElementNotInteractableException: element not interactable
  (Session info: MicrosoftEdge=137.0.3296.62)
Build info: version: '4.33.0', revision: '2c6aaad03a'
System info: os.name: 'Windows 11', os.arch: 'amd64', os.version: '10.0', java.version: '21.0.6'
Driver info: org.openqa.selenium.edge.EdgeDriver
Command: [ff06c00d65d1b9399de88fc6b531bf6c, clickElement {id=f.F31687BFA473D52299B2C1174042532D.d.89F0065A509E30CEB7F5B8CE4C291167.e.115}]
Capabilities {acceptInsecureCerts: false, browserName: MicrosoftEdge, browserVersion: 137.0.3296.62, fedcm:accounts: true, ms:edgeOptions: {debuggerAddress: localhost:60224}, msedge: {msedgedriverVersion: 137.0.3296.83 (24e00e9cccf2..., userDataDir: C:\Users\2408723\AppData\Lo...}, networkConnectionEnabled: false, pageLoadStrategy: normal, platformName: windows, proxy: Proxy(), se:cdp: ws://localhost:60224/devtoo..., se:cdpVersion: 137.0.3296.62, setWindowRect: true, strictFileInteractability: false, timeouts: {implicit: 0, pageLoad: 300000, script: 30000}, unhandledPromptBehavior: dismiss and notify, webauthn:extension:credBlob: true, webauthn:extension:largeBlob: true, webauthn:extension:minPinLength: true, webauthn:extension:prf: true, webauthn:virtualAuthenticators: true}
Element: [[[[EdgeDriver: MicrosoftEdge on windows (ff06c00d65d1b9399de88fc6b531bf6c)] -> xpath: //h2[contains(text(),'Shop By Age')]/following-sibling::div]] -> xpath: *[@class='by-age-crousal']/div/div/div[7]/div/a/img]
Session ID: ff06c00d65d1b9399de88fc6b531bf6c
at org.openqa.selenium.remote.ErrorCodec.decode(ErrorCodec.java:167)
at org.openqa.selenium.remote.codec.w3c.W3CHttpResponseCodec.decode(W3CHttpResponseCodec.java:138)
at org.openqa.selenium.remote.codec.w3c.W3CHttpResponseCodec.decode(W3CHttpResponseCodec.java:50)
at org.openqa.selenium.remote.HttpCommandExecutor.execute(HttpCommandExecutor.java:215)
at org.openqa.selenium.remote.service.DriverCommandExecutor.invokeExecute(DriverCommandExecutor.java:216)
at org.openqa.selenium.remote.service.DriverCommandExecutor.execute(DriverCommandExecutor.java:174)
at org.openqa.selenium.remote.RemoteWebDriver.execute(RemoteWebDriver.java:544)
at org.openqa.selenium.remote.RemoteWebElement.execute(RemoteWebElement.java:223)
at org.openqa.selenium.remote.RemoteWebElement.click(RemoteWebElement.java:76)
at HamleysAutomationScripts.HamleysTestNG.testHamleysProductCount(HamleysTestNG.java:51)
at java.base/java.util.ArrayList.forEach(ArrayList.java:1596)
at java.base/java.util.concurrent.FutureTask.run(FutureTask.java:317)
at java.base/java.util.concurrent.ThreadPoolExecutor.runWorker(ThreadPoolExecutor.java:1144)
at java.base/java.util.concurrent.ThreadPoolExecutor$Worker.run(ThreadPoolExecutor.java:642)
at java.base/java.lang.Thread.run(Thread.java:1583)
... Removed 18 stack frames]]>
    </failure>
  </testcase> <!-- testHamleysProductCount -->
</testsuite> <!-- EdgeTest -->
