<?xml version="1.0" encoding="UTF-8"?>
<testng-results ignored="0" total="2" passed="2" failed="0" skipped="0">
  <reporter-output>
  </reporter-output>
  <suite started-at="2025-07-21T12:09:25 IST" name="CrossBrowserSuite" finished-at="2025-07-21T12:10:30 IST" duration-ms="64521">
    <groups>
    </groups>
    <test started-at="2025-07-21T12:09:25 IST" name="ChromeTest" finished-at="2025-07-21T12:09:59 IST" duration-ms="34332">
      <class name="HamleysAutomationScripts.HamleysTestNG">
        <test-method is-config="true" signature="setup(java.lang.String)[pri:0, instance:HamleysAutomationScripts.HamleysTestNG@9d5509a]" started-at="2025-07-21T12:09:25 IST" name="setup" finished-at="2025-07-21T12:09:31 IST" duration-ms="5530" status="PASS">
          <params>
            <param index="0">
              <value>
                <![CDATA[chrome]]>
              </value>
            </param>
          </params>
          <reporter-output>
          </reporter-output>
        </test-method> <!-- setup -->
        <test-method signature="testHamleysProductCount(java.lang.String)[pri:0, instance:HamleysAutomationScripts.HamleysTestNG@9d5509a]" started-at="2025-07-21T12:09:31 IST" name="testHamleysProductCount" finished-at="2025-07-21T12:09:54 IST" duration-ms="23087" status="PASS">
          <params>
            <param index="0">
              <value>
                <![CDATA[chrome]]>
              </value>
            </param>
          </params>
          <reporter-output>
          </reporter-output>
        </test-method> <!-- testHamleysProductCount -->
        <test-method is-config="true" signature="tearDown()[pri:0, instance:HamleysAutomationScripts.HamleysTestNG@9d5509a]" started-at="2025-07-21T12:09:54 IST" name="tearDown" finished-at="2025-07-21T12:09:59 IST" duration-ms="5666" status="PASS">
          <reporter-output>
          </reporter-output>
        </test-method> <!-- tearDown -->
      </class> <!-- HamleysAutomationScripts.HamleysTestNG -->
    </test> <!-- ChromeTest -->
    <test started-at="2025-07-21T12:09:59 IST" name="EdgeTest" finished-at="2025-07-21T12:10:30 IST" duration-ms="30160">
      <class name="HamleysAutomationScripts.HamleysTestNG">
        <test-method is-config="true" signature="setup(java.lang.String)[pri:0, instance:HamleysAutomationScripts.HamleysTestNG@70325e14]" started-at="2025-07-21T12:09:59 IST" name="setup" finished-at="2025-07-21T12:10:03 IST" duration-ms="3694" status="PASS">
          <params>
            <param index="0">
              <value>
                <![CDATA[edge]]>
              </value>
            </param>
          </params>
          <reporter-output>
          </reporter-output>
        </test-method> <!-- setup -->
        <test-method signature="testHamleysProductCount(java.lang.String)[pri:0, instance:HamleysAutomationScripts.HamleysTestNG@70325e14]" started-at="2025-07-21T12:10:03 IST" name="testHamleysProductCount" finished-at="2025-07-21T12:10:24 IST" duration-ms="21190" status="PASS">
          <params>
            <param index="0">
              <value>
                <![CDATA[edge]]>
              </value>
            </param>
          </params>
          <reporter-output>
          </reporter-output>
        </test-method> <!-- testHamleysProductCount -->
        <test-method is-config="true" signature="tearDown()[pri:0, instance:HamleysAutomationScripts.HamleysTestNG@70325e14]" started-at="2025-07-21T12:10:24 IST" name="tearDown" finished-at="2025-07-21T12:10:30 IST" duration-ms="5272" status="PASS">
          <reporter-output>
          </reporter-output>
        </test-method> <!-- tearDown -->
      </class> <!-- HamleysAutomationScripts.HamleysTestNG -->
    </test> <!-- EdgeTest -->
  </suite> <!-- CrossBrowserSuite -->
</testng-results>
